c:\dev2012w7\src\project\debug\vc141.pdb
c:\dev2012w7\src\project\debug\vc141.idb
c:\dev2012w7\src\project\debug\main.obj
c:\dev2012w7\src\project\debug\position.obj
c:\dev2012w7\src\project\debug\cmainapp.obj
c:\dev2012w7\src\project\debug\cmainframe.obj
c:\dev2012w7\src\project\debug\getdxver.obj
c:\dev2012w7\src\project\debug\listbox.obj
c:\dev2012w7\src\project\debug\splash.obj
c:\dev2012w7\src\project\debug\win_support.obj
c:\dev2012w7\src\project\debug\demo 5.exe
c:\dev2012w7\src\project\debug\demo 5.ilk
c:\dev2012w7\src\project\debug\demo 5.pdb
c:\dev2012w7\src\project\debug\framework.res
c:\dev2012w7\src\project\debug\demo 5.tlog\cl.command.1.tlog
c:\dev2012w7\src\project\debug\demo 5.tlog\cl.read.1.tlog
c:\dev2012w7\src\project\debug\demo 5.tlog\cl.write.1.tlog
c:\dev2012w7\src\project\debug\demo 5.tlog\link.command.1.tlog
c:\dev2012w7\src\project\debug\demo 5.tlog\link.read.1.tlog
c:\dev2012w7\src\project\debug\demo 5.tlog\link.write.1.tlog
c:\dev2012w7\src\project\debug\demo 5.tlog\rc.command.1.tlog
c:\dev2012w7\src\project\debug\demo 5.tlog\rc.read.1.tlog
c:\dev2012w7\src\project\debug\demo 5.tlog\rc.write.1.tlog
